{"/Users/psturc/dev/tia-js/examples/basic-jest/src/order-service.ts": {"path":"/Users/psturc/dev/tia-js/examples/basic-jest/src/order-service.ts","statementMap":{"0":{"start":{"line":22,"column":10},"end":{"line":22,"column":49}},"1":{"start":{"line":23,"column":10},"end":{"line":23,"column":21}},"2":{"start":{"line":26,"column":4},"end":{"line":26,"column":49}},"3":{"start":{"line":28,"column":18},"end":{"line":28,"column":37}},"4":{"start":{"line":29,"column":4},"end":{"line":31,"column":5}},"5":{"start":{"line":30,"column":6},"end":{"line":30,"column":55}},"6":{"start":{"line":33,"column":4},"end":{"line":33,"column":17}},"7":{"start":{"line":38,"column":4},"end":{"line":40,"column":5}},"8":{"start":{"line":39,"column":6},"end":{"line":39,"column":56}},"9":{"start":{"line":43,"column":18},"end":{"line":43,"column":59}},"10":{"start":{"line":45,"column":25},"end":{"line":52,"column":6}},"11":{"start":{"line":54,"column":4},"end":{"line":54,"column":37}},"12":{"start":{"line":55,"column":4},"end":{"line":55,"column":96}},"13":{"start":{"line":57,"column":4},"end":{"line":57,"column":17}},"14":{"start":{"line":61,"column":18},"end":{"line":63,"column":9}},"15":{"start":{"line":62,"column":6},"end":{"line":62,"column":48}},"16":{"start":{"line":66,"column":4},"end":{"line":66,"column":41}},"17":{"start":{"line":70,"column":18},"end":{"line":70,"column":37}},"18":{"start":{"line":71,"column":4},"end":{"line":73,"column":5}},"19":{"start":{"line":72,"column":6},"end":{"line":72,"column":55}},"20":{"start":{"line":75,"column":4},"end":{"line":75,"column":26}},"21":{"start":{"line":76,"column":4},"end":{"line":76,"column":60}},"22":{"start":{"line":78,"column":4},"end":{"line":78,"column":17}},"23":{"start":{"line":82,"column":23},"end":{"line":83,"column":47}},"24":{"start":{"line":83,"column":23},"end":{"line":83,"column":46}},"25":{"start":{"line":85,"column":4},"end":{"line":85,"column":22}},"26":{"start":{"line":21,"column":0},"end":{"line":21,"column":13}}},"fnMap":{"0":{"name":"(anonymous_0)","decl":{"start":{"line":21,"column":0},"end":{"line":21,"column":13}},"loc":{"start":{"line":21,"column":0},"end":{"line":87,"column":1}}},"1":{"name":"(anonymous_1)","decl":{"start":{"line":25,"column":2},"end":{"line":25,"column":7}},"loc":{"start":{"line":25,"column":31},"end":{"line":34,"column":3}}},"2":{"name":"(anonymous_2)","decl":{"start":{"line":36,"column":2},"end":{"line":36,"column":7}},"loc":{"start":{"line":36,"column":69},"end":{"line":58,"column":3}}},"3":{"name":"(anonymous_3)","decl":{"start":{"line":60,"column":10},"end":{"line":60,"column":29}},"loc":{"start":{"line":60,"column":48},"end":{"line":67,"column":3}}},"4":{"name":"(anonymous_4)","decl":{"start":{"line":61,"column":31},"end":{"line":61,"column":32}},"loc":{"start":{"line":61,"column":45},"end":{"line":63,"column":5}}},"5":{"name":"(anonymous_5)","decl":{"start":{"line":69,"column":2},"end":{"line":69,"column":7}},"loc":{"start":{"line":69,"column":61},"end":{"line":79,"column":3}}},"6":{"name":"(anonymous_6)","decl":{"start":{"line":81,"column":2},"end":{"line":81,"column":7}},"loc":{"start":{"line":81,"column":38},"end":{"line":86,"column":3}}},"7":{"name":"(anonymous_7)","decl":{"start":{"line":83,"column":14},"end":{"line":83,"column":19}},"loc":{"start":{"line":83,"column":23},"end":{"line":83,"column":46}}}},"branchMap":{"0":{"loc":{"start":{"line":29,"column":4},"end":{"line":31,"column":5}},"type":"if","locations":[{"start":{"line":29,"column":4},"end":{"line":31,"column":5}}]},"1":{"loc":{"start":{"line":38,"column":4},"end":{"line":40,"column":5}},"type":"if","locations":[{"start":{"line":38,"column":4},"end":{"line":40,"column":5}}]},"2":{"loc":{"start":{"line":38,"column":8},"end":{"line":38,"column":77}},"type":"binary-expr","locations":[{"start":{"line":38,"column":8},"end":{"line":38,"column":25}},{"start":{"line":38,"column":29},"end":{"line":38,"column":45}},{"start":{"line":38,"column":49},"end":{"line":38,"column":77}}]},"3":{"loc":{"start":{"line":71,"column":4},"end":{"line":73,"column":5}},"type":"if","locations":[{"start":{"line":71,"column":4},"end":{"line":73,"column":5}}]}},"s":{"0":3,"1":3,"2":3,"3":3,"4":3,"5":1,"6":2,"7":6,"8":0,"9":6,"10":6,"11":6,"12":6,"13":6,"14":6,"15":8,"16":6,"17":1,"18":1,"19":0,"20":1,"21":1,"22":1,"23":0,"24":0,"25":0,"26":2},"f":{"0":3,"1":3,"2":6,"3":6,"4":8,"5":1,"6":0,"7":0},"b":{"0":[1],"1":[0],"2":[6,6,6],"3":[0]}}
,"/Users/psturc/dev/tia-js/examples/basic-jest/src/server.ts": {"path":"/Users/psturc/dev/tia-js/examples/basic-jest/src/server.ts","statementMap":{"0":{"start":{"line":6,"column":0},"end":{"line":6,"column":30}},"1":{"start":{"line":7,"column":0},"end":{"line":7,"column":45}},"2":{"start":{"line":8,"column":0},"end":{"line":8,"column":47}},"3":{"start":{"line":10,"column":12},"end":{"line":10,"column":21}},"4":{"start":{"line":75,"column":9},"end":{"line":75,"column":12}},"5":{"start":{"line":11,"column":0},"end":{"line":11,"column":24}},"6":{"start":{"line":14,"column":20},"end":{"line":14,"column":37}},"7":{"start":{"line":15,"column":21},"end":{"line":15,"column":39}},"8":{"start":{"line":20,"column":0},"end":{"line":26,"column":3}},"9":{"start":{"line":21,"column":2},"end":{"line":25,"column":5}},"10":{"start":{"line":31,"column":0},"end":{"line":39,"column":3}},"11":{"start":{"line":32,"column":2},"end":{"line":38,"column":3}},"12":{"start":{"line":33,"column":19},"end":{"line":33,"column":42}},"13":{"start":{"line":34,"column":17},"end":{"line":34,"column":54}},"14":{"start":{"line":35,"column":4},"end":{"line":35,"column":19}},"15":{"start":{"line":37,"column":4},"end":{"line":37,"column":54}},"16":{"start":{"line":41,"column":0},"end":{"line":49,"column":3}},"17":{"start":{"line":42,"column":2},"end":{"line":48,"column":3}},"18":{"start":{"line":43,"column":21},"end":{"line":43,"column":29}},"19":{"start":{"line":44,"column":17},"end":{"line":44,"column":55}},"20":{"start":{"line":45,"column":4},"end":{"line":45,"column":31}},"21":{"start":{"line":47,"column":4},"end":{"line":47,"column":57}},"22":{"start":{"line":54,"column":0},"end":{"line":62,"column":3}},"23":{"start":{"line":55,"column":2},"end":{"line":61,"column":3}},"24":{"start":{"line":56,"column":20},"end":{"line":56,"column":43}},"25":{"start":{"line":57,"column":18},"end":{"line":57,"column":58}},"26":{"start":{"line":58,"column":4},"end":{"line":58,"column":20}},"27":{"start":{"line":60,"column":4},"end":{"line":60,"column":55}},"28":{"start":{"line":64,"column":0},"end":{"line":72,"column":3}},"29":{"start":{"line":65,"column":2},"end":{"line":71,"column":3}},"30":{"start":{"line":66,"column":22},"end":{"line":66,"column":30}},"31":{"start":{"line":67,"column":18},"end":{"line":67,"column":59}},"32":{"start":{"line":68,"column":4},"end":{"line":68,"column":32}},"33":{"start":{"line":70,"column":4},"end":{"line":70,"column":58}},"34":{"start":{"line":78,"column":0},"end":{"line":83,"column":1}},"35":{"start":{"line":79,"column":15},"end":{"line":79,"column":39}},"36":{"start":{"line":80,"column":2},"end":{"line":82,"column":5}},"37":{"start":{"line":81,"column":4},"end":{"line":81,"column":50}}},"fnMap":{"0":{"name":"(anonymous_1)","decl":{"start":{"line":20,"column":19},"end":{"line":20,"column":20}},"loc":{"start":{"line":20,"column":32},"end":{"line":26,"column":1}}},"1":{"name":"(anonymous_2)","decl":{"start":{"line":31,"column":22},"end":{"line":31,"column":27}},"loc":{"start":{"line":31,"column":41},"end":{"line":39,"column":1}}},"2":{"name":"(anonymous_3)","decl":{"start":{"line":41,"column":19},"end":{"line":41,"column":24}},"loc":{"start":{"line":41,"column":38},"end":{"line":49,"column":1}}},"3":{"name":"(anonymous_4)","decl":{"start":{"line":54,"column":23},"end":{"line":54,"column":28}},"loc":{"start":{"line":54,"column":42},"end":{"line":62,"column":1}}},"4":{"name":"(anonymous_5)","decl":{"start":{"line":64,"column":20},"end":{"line":64,"column":25}},"loc":{"start":{"line":64,"column":39},"end":{"line":72,"column":1}}},"5":{"name":"(anonymous_6)","decl":{"start":{"line":80,"column":19},"end":{"line":80,"column":22}},"loc":{"start":{"line":80,"column":24},"end":{"line":82,"column":3}}}},"branchMap":{"0":{"loc":{"start":{"line":78,"column":0},"end":{"line":83,"column":1}},"type":"if","locations":[{"start":{"line":78,"column":0},"end":{"line":83,"column":1}}]},"1":{"loc":{"start":{"line":79,"column":15},"end":{"line":79,"column":39}},"type":"binary-expr","locations":[{"start":{"line":79,"column":15},"end":{"line":79,"column":31}},{"start":{"line":79,"column":35},"end":{"line":79,"column":39}}]}},"s":{"0":2,"1":2,"2":2,"3":2,"4":2,"5":2,"6":2,"7":2,"8":2,"9":0,"10":2,"11":2,"12":2,"13":2,"14":1,"15":1,"16":2,"17":2,"18":2,"19":2,"20":2,"21":0,"22":2,"23":2,"24":2,"25":2,"26":1,"27":1,"28":2,"29":2,"30":2,"31":2,"32":2,"33":0,"34":2,"35":0,"36":0,"37":0},"f":{"0":0,"1":2,"2":2,"3":2,"4":2,"5":0},"b":{"0":[0],"1":[0,0]}}
,"/Users/psturc/dev/tia-js/examples/basic-jest/src/user-service.ts": {"path":"/Users/psturc/dev/tia-js/examples/basic-jest/src/user-service.ts","statementMap":{"0":{"start":{"line":14,"column":10},"end":{"line":14,"column":47}},"1":{"start":{"line":15,"column":10},"end":{"line":15,"column":21}},"2":{"start":{"line":18,"column":4},"end":{"line":18,"column":48}},"3":{"start":{"line":20,"column":17},"end":{"line":20,"column":35}},"4":{"start":{"line":21,"column":4},"end":{"line":23,"column":5}},"5":{"start":{"line":22,"column":6},"end":{"line":22,"column":54}},"6":{"start":{"line":25,"column":4},"end":{"line":25,"column":16}},"7":{"start":{"line":30,"column":4},"end":{"line":32,"column":5}},"8":{"start":{"line":31,"column":6},"end":{"line":31,"column":53}},"9":{"start":{"line":34,"column":4},"end":{"line":36,"column":5}},"10":{"start":{"line":35,"column":6},"end":{"line":35,"column":46}},"11":{"start":{"line":38,"column":23},"end":{"line":43,"column":6}},"12":{"start":{"line":45,"column":4},"end":{"line":45,"column":34}},"13":{"start":{"line":46,"column":4},"end":{"line":46,"column":62}},"14":{"start":{"line":48,"column":4},"end":{"line":48,"column":16}},"15":{"start":{"line":52,"column":4},"end":{"line":52,"column":43}},"16":{"start":{"line":56,"column":23},"end":{"line":56,"column":51}},"17":{"start":{"line":57,"column":4},"end":{"line":57,"column":34}},"18":{"start":{"line":61,"column":20},"end":{"line":61,"column":41}},"19":{"start":{"line":62,"column":4},"end":{"line":64,"column":5}},"20":{"start":{"line":63,"column":6},"end":{"line":63,"column":49}},"21":{"start":{"line":65,"column":4},"end":{"line":65,"column":19}},"22":{"start":{"line":13,"column":0},"end":{"line":13,"column":13}}},"fnMap":{"0":{"name":"(anonymous_0)","decl":{"start":{"line":13,"column":0},"end":{"line":13,"column":13}},"loc":{"start":{"line":13,"column":0},"end":{"line":67,"column":1}}},"1":{"name":"(anonymous_1)","decl":{"start":{"line":17,"column":2},"end":{"line":17,"column":7}},"loc":{"start":{"line":17,"column":30},"end":{"line":26,"column":3}}},"2":{"name":"(anonymous_2)","decl":{"start":{"line":28,"column":2},"end":{"line":28,"column":7}},"loc":{"start":{"line":28,"column":60},"end":{"line":49,"column":3}}},"3":{"name":"(anonymous_3)","decl":{"start":{"line":51,"column":2},"end":{"line":51,"column":7}},"loc":{"start":{"line":51,"column":19},"end":{"line":53,"column":3}}},"4":{"name":"(anonymous_4)","decl":{"start":{"line":55,"column":10},"end":{"line":55,"column":22}},"loc":{"start":{"line":55,"column":36},"end":{"line":58,"column":3}}},"5":{"name":"(anonymous_5)","decl":{"start":{"line":60,"column":2},"end":{"line":60,"column":7}},"loc":{"start":{"line":60,"column":29},"end":{"line":66,"column":3}}}},"branchMap":{"0":{"loc":{"start":{"line":21,"column":4},"end":{"line":23,"column":5}},"type":"if","locations":[{"start":{"line":21,"column":4},"end":{"line":23,"column":5}}]},"1":{"loc":{"start":{"line":30,"column":4},"end":{"line":32,"column":5}},"type":"if","locations":[{"start":{"line":30,"column":4},"end":{"line":32,"column":5}}]},"2":{"loc":{"start":{"line":30,"column":8},"end":{"line":30,"column":41}},"type":"binary-expr","locations":[{"start":{"line":30,"column":8},"end":{"line":30,"column":22}},{"start":{"line":30,"column":26},"end":{"line":30,"column":41}}]},"3":{"loc":{"start":{"line":34,"column":4},"end":{"line":36,"column":5}},"type":"if","locations":[{"start":{"line":34,"column":4},"end":{"line":36,"column":5}}]},"4":{"loc":{"start":{"line":62,"column":4},"end":{"line":64,"column":5}},"type":"if","locations":[{"start":{"line":62,"column":4},"end":{"line":64,"column":5}}]}},"s":{"0":3,"1":3,"2":4,"3":4,"4":4,"5":2,"6":2,"7":5,"8":0,"9":5,"10":1,"11":4,"12":4,"13":4,"14":4,"15":0,"16":5,"17":5,"18":0,"19":0,"20":0,"21":0,"22":2},"f":{"0":3,"1":4,"2":5,"3":0,"4":5,"5":0},"b":{"0":[2],"1":[0],"2":[5,5],"3":[1],"4":[0]}}
}
