TN:
SF:src/order-service.ts
FN:21,(anonymous_0)
FN:25,(anonymous_1)
FN:36,(anonymous_2)
FN:60,(anonymous_3)
FN:61,(anonymous_4)
FN:69,(anonymous_5)
FN:81,(anonymous_6)
FN:83,(anonymous_7)
FNF:8
FNH:6
FNDA:3,(anonymous_0)
FNDA:3,(anonymous_1)
FNDA:6,(anonymous_2)
FNDA:6,(anonymous_3)
FNDA:8,(anonymous_4)
FNDA:1,(anonymous_5)
FNDA:0,(anonymous_6)
FNDA:0,(anonymous_7)
DA:21,2
DA:22,3
DA:23,3
DA:26,3
DA:28,3
DA:29,3
DA:30,1
DA:33,2
DA:38,6
DA:39,0
DA:43,6
DA:45,6
DA:54,6
DA:55,6
DA:57,6
DA:61,6
DA:62,8
DA:66,6
DA:70,1
DA:71,1
DA:72,0
DA:75,1
DA:76,1
DA:78,1
DA:82,0
DA:83,0
DA:85,0
LF:27
LH:22
BRDA:29,0,0,1
BRDA:38,1,0,0
BRDA:38,2,0,6
BRDA:38,2,1,6
BRDA:38,2,2,6
BRDA:71,3,0,0
BRF:6
BRH:4
end_of_record
TN:
SF:src/server.ts
FN:20,(anonymous_1)
FN:31,(anonymous_2)
FN:41,(anonymous_3)
FN:54,(anonymous_4)
FN:64,(anonymous_5)
FN:80,(anonymous_6)
FNF:6
FNH:4
FNDA:0,(anonymous_1)
FNDA:2,(anonymous_2)
FNDA:2,(anonymous_3)
FNDA:2,(anonymous_4)
FNDA:2,(anonymous_5)
FNDA:0,(anonymous_6)
DA:6,2
DA:7,2
DA:8,2
DA:10,2
DA:11,2
DA:14,2
DA:15,2
DA:20,2
DA:21,0
DA:31,2
DA:32,2
DA:33,2
DA:34,2
DA:35,1
DA:37,1
DA:41,2
DA:42,2
DA:43,2
DA:44,2
DA:45,2
DA:47,0
DA:54,2
DA:55,2
DA:56,2
DA:57,2
DA:58,1
DA:60,1
DA:64,2
DA:65,2
DA:66,2
DA:67,2
DA:68,2
DA:70,0
DA:75,2
DA:78,2
DA:79,0
DA:80,0
DA:81,0
LF:38
LH:32
BRDA:78,0,0,0
BRDA:79,1,0,0
BRDA:79,1,1,0
BRF:3
BRH:0
end_of_record
TN:
SF:src/user-service.ts
FN:13,(anonymous_0)
FN:17,(anonymous_1)
FN:28,(anonymous_2)
FN:51,(anonymous_3)
FN:55,(anonymous_4)
FN:60,(anonymous_5)
FNF:6
FNH:4
FNDA:3,(anonymous_0)
FNDA:4,(anonymous_1)
FNDA:5,(anonymous_2)
FNDA:0,(anonymous_3)
FNDA:5,(anonymous_4)
FNDA:0,(anonymous_5)
DA:13,2
DA:14,3
DA:15,3
DA:18,4
DA:20,4
DA:21,4
DA:22,2
DA:25,2
DA:30,5
DA:31,0
DA:34,5
DA:35,1
DA:38,4
DA:45,4
DA:46,4
DA:48,4
DA:52,0
DA:56,5
DA:57,5
DA:61,0
DA:62,0
DA:63,0
DA:65,0
LF:23
LH:17
BRDA:21,0,0,2
BRDA:30,1,0,0
BRDA:30,2,0,5
BRDA:30,2,1,5
BRDA:34,3,0,1
BRDA:62,4,0,0
BRF:6
BRH:4
end_of_record
