mode: atomic
/Users/psturc/dev/tia-js/examples/go-backend/main.go:37.13,40.2 2 0
/Users/psturc/dev/tia-js/examples/go-backend/main.go:42.32,55.2 9 0
/Users/psturc/dev/tia-js/examples/go-backend/main.go:43.13,52.12 3 1
/Users/psturc/dev/tia-js/examples/go-backend/main.go:52.12,53.77 1 1
/Users/psturc/dev/tia-js/examples/go-backend/main.go:53.77,55.4 1 0
/Users/psturc/dev/tia-js/examples/go-backend/main.go:57.31,59.2 1 0
/Users/psturc/dev/tia-js/examples/go-backend/main.go:60.2,69.42 7 1
/Users/psturc/dev/tia-js/examples/go-backend/main.go:61.34,63.16 2 0
/Users/psturc/dev/tia-js/examples/go-backend/main.go:63.16,66.3 2 0
/Users/psturc/dev/tia-js/examples/go-backend/main.go:68.2,68.29 1 0
/Users/psturc/dev/tia-js/examples/go-backend/main.go:68.29,69.20 1 0
/Users/psturc/dev/tia-js/examples/go-backend/main.go:69.42,71.3 1 0
/Users/psturc/dev/tia-js/examples/go-backend/main.go:69.20,72.4 2 0
/Users/psturc/dev/tia-js/examples/go-backend/main.go:73.2,73.31 1 1
/Users/psturc/dev/tia-js/examples/go-backend/main.go:75.2,75.63 1 0
/Users/psturc/dev/tia-js/examples/go-backend/main.go:76.32,89.2 9 1
/Users/psturc/dev/tia-js/examples/go-backend/main.go:78.33,80.51 2 0
/Users/psturc/dev/tia-js/examples/go-backend/main.go:80.51,83.3 2 0
/Users/psturc/dev/tia-js/examples/go-backend/main.go:86.2,86.47 1 0
/Users/psturc/dev/tia-js/examples/go-backend/main.go:86.47,89.3 2 0
/Users/psturc/dev/tia-js/examples/go-backend/main.go:91.31,93.2 1 1
/Users/psturc/dev/tia-js/examples/go-backend/main.go:92.2,95.37 3 0
/Users/psturc/dev/tia-js/examples/go-backend/main.go:95.34,97.16 2 3
/Users/psturc/dev/tia-js/examples/go-backend/main.go:97.16,100.3 2 1
/Users/psturc/dev/tia-js/examples/go-backend/main.go:98.34,100.2 1 0
/Users/psturc/dev/tia-js/examples/go-backend/main.go:102.2,102.29 1 2
/Users/psturc/dev/tia-js/examples/go-backend/main.go:102.29,103.20 1 3
/Users/psturc/dev/tia-js/examples/go-backend/main.go:102.37,104.16 2 0
/Users/psturc/dev/tia-js/examples/go-backend/main.go:103.20,106.4 2 1
/Users/psturc/dev/tia-js/examples/go-backend/main.go:104.16,107.3 2 0
/Users/psturc/dev/tia-js/examples/go-backend/main.go:109.2,109.35 1 0
/Users/psturc/dev/tia-js/examples/go-backend/main.go:109.2,109.63 1 1
/Users/psturc/dev/tia-js/examples/go-backend/main.go:109.35,110.23 1 0
/Users/psturc/dev/tia-js/examples/go-backend/main.go:110.23,113.4 2 0
/Users/psturc/dev/tia-js/examples/go-backend/main.go:112.33,114.51 2 2
/Users/psturc/dev/tia-js/examples/go-backend/main.go:114.51,117.3 2 0
/Users/psturc/dev/tia-js/examples/go-backend/main.go:116.2,116.66 1 0
/Users/psturc/dev/tia-js/examples/go-backend/main.go:119.36,121.54 2 0
/Users/psturc/dev/tia-js/examples/go-backend/main.go:120.2,120.47 1 2
/Users/psturc/dev/tia-js/examples/go-backend/main.go:120.47,123.3 2 1
/Users/psturc/dev/tia-js/examples/go-backend/main.go:121.54,124.3 2 0
/Users/psturc/dev/tia-js/examples/go-backend/main.go:126.2,129.37 3 1
/Users/psturc/dev/tia-js/examples/go-backend/main.go:127.2,127.52 1 0
/Users/psturc/dev/tia-js/examples/go-backend/main.go:127.52,130.3 2 0
/Users/psturc/dev/tia-js/examples/go-backend/main.go:132.34,134.2 1 1
/Users/psturc/dev/tia-js/examples/go-backend/main.go:133.2,136.40 3 0
/Users/psturc/dev/tia-js/examples/go-backend/main.go:136.37,138.16 2 3
/Users/psturc/dev/tia-js/examples/go-backend/main.go:138.16,141.3 2 1
/Users/psturc/dev/tia-js/examples/go-backend/main.go:139.34,144.2 1 0
/Users/psturc/dev/tia-js/examples/go-backend/main.go:143.2,143.35 1 2
/Users/psturc/dev/tia-js/examples/go-backend/main.go:143.35,144.23 1 4
/Users/psturc/dev/tia-js/examples/go-backend/main.go:144.23,147.4 2 1
/Users/psturc/dev/tia-js/examples/go-backend/main.go:150.2,150.66 1 1
/Users/psturc/dev/tia-js/examples/go-backend/main.go:153.36,155.54 2 2
/Users/psturc/dev/tia-js/examples/go-backend/main.go:155.54,158.3 2 0
/Users/psturc/dev/tia-js/examples/go-backend/main.go:161.2,161.52 1 2
/Users/psturc/dev/tia-js/examples/go-backend/main.go:161.52,164.3 2 1
/Users/psturc/dev/tia-js/examples/go-backend/main.go:167.2,170.40 3 1
/Users/psturc/dev/tia-js/examples/go-backend/main.go:173.34,178.2 1 2
